<?xml version="1.0" encoding="UTF-8" standalone="yes"?>
<testsuites name="Sanity Android APP" time="108" tests="3" failures="0" errors="0">
    <testsuite name="Sanity Android APP" tests="3" failures="0" errors="0" time="108" timestamp="2019-10-03 15:50:32" hostname="ayush - 10.97.7.30" id="Test Suites/Sanity Android APP">
        <properties>
            <property name="deviceName" value="emulator-5554 (Android SDK built for x86 - Android 9)"/>
            <property name="devicePlatform" value=""/>
            <property name="logFolder" value="/Users/ayush/Katalon Studio/RplateAndroid/Reports/20191003_155024/Sanity Android APP/20191003_155024"/>
            <property name="logFiles" value="/Users/ayush/Katalon Studio/RplateAndroid/Reports/20191003_155024/Sanity Android APP/20191003_155024/execution0.log, /Users/ayush/Katalon Studio/RplateAndroid/Reports/20191003_155024/Sanity Android APP/20191003_155024/appium.log"/>
            <property name="attachments" value=""/>
            <property name="hostName" value="ayush - 10.97.7.30"/>
            <property name="os" value="Mac OS X 64bit"/>
            <property name="appiumServerStatus" value="{\&quot;status\&quot;:0,\&quot;value\&quot;:{\&quot;build\&quot;:{\&quot;version\&quot;:\&quot;1.13.0\&quot;}},\&quot;sessionId\&quot;:null}"/>
            <property name="katalonVersion" value="6.3.3.11"/>
            <property name="deviceOS" value="Android"/>
            <property name="appiumVersion" value="1.13.0"/>
            <property name="deviceModel" value="Android SDK built for x86"/>
            <property name="hostAddress" value="10.97.7.30"/>
            <property name="deviceManufacturer" value="Google"/>
            <property name="deviceId" value="emulator-5554"/>
            <property name="deviceName" value="emulator-5554 (Android SDK built for x86 - Android 9)"/>
            <property name="deviceOSVersion" value="9"/>
        </properties>
        <testcase name="Test Cases/Login/P0_Verify User can enter valid password" classname="Test Cases/Login/P0_Verify User can enter valid password" status="PASSED">
            <system-out>2019-10-03 15:50:33 - [TEST_CASE][PASSED] - Test Cases/Login/P0_Verify User can enter valid password: Test Cases/Login/P0_Verify User can enter valid password

2019-10-03 15:50:33 - [TEST_STEP][PASSED] - callTestCase(findTestCase("Loginintoapp"), [:], STOP_ON_FAILURE): Call Test Case 'Test Cases/Loginintoapp' successfully

2019-10-03 15:50:33 - [TEST_CASE][PASSED] - Test Cases/Loginintoapp: Test Cases/Loginintoapp

2019-10-03 15:50:33 - [TEST_STEP][PASSED] - startApplication("/Users/ayush/Desktop/APKs/Rplate26sept120.apk", true): Started app at: '/Users/ayush/Desktop/APKs/Rplate26sept120.apk'

2019-10-03 15:50:35 - [MESSAGE][INFO] - Appium server started on port 52,476

2019-10-03 15:50:50 - [MESSAGE][PASSED] - Started app at: '/Users/ayush/Desktop/APKs/Rplate26sept120.apk'

2019-10-03 15:50:50 - [TEST_STEP][PASSED] - com.reviver.utils.CommonUtils.selectEnv_Mobile(selectENV, 5): com.reviver.utils.CommonUtils.selectEnv_Mobile is PASSED

2019-10-03 15:50:51 - [MESSAGE][PASSED] - Element 'Object Repository/StartPage/android.widget.TextView0 - QA' is present

2019-10-03 15:50:51 - [MESSAGE][WARNING] - Timeout '0' is invalid. Using default page load timeout: '30'

2019-10-03 15:50:52 - [MESSAGE][PASSED] - Tapped on element 'Object Repository/StartPage/android.widget.TextView0 - QA'

2019-10-03 15:50:52 - [MESSAGE][PASSED] - com.reviver.utils.CommonUtils.selectEnv_Mobile is PASSED

2019-10-03 15:50:52 - [TEST_STEP][PASSED] - waitForElementPresent(findTestObject("StartPage/android.widget.TextView0 - SIGN IN"), 5): Element 'Object Repository/StartPage/android.widget.TextView0 - SIGN IN' is present

2019-10-03 15:50:54 - [MESSAGE][PASSED] - Element 'Object Repository/StartPage/android.widget.TextView0 - SIGN IN' is present

2019-10-03 15:50:54 - [TEST_STEP][PASSED] - tap(findTestObject("StartPage/android.widget.TextView0 - SIGN IN"), 0): Tapped on element 'Object Repository/StartPage/android.widget.TextView0 - SIGN IN'

2019-10-03 15:50:54 - [MESSAGE][WARNING] - Timeout '0' is invalid. Using default page load timeout: '30'

2019-10-03 15:50:56 - [MESSAGE][PASSED] - Tapped on element 'Object Repository/StartPage/android.widget.TextView0 - SIGN IN'

2019-10-03 15:50:56 - [TEST_STEP][PASSED] - setText(findTestObject("LoginPage/android.widget.EditText0 - Enter email"), findTestData(DataFile).getValue(1, 1), 0): Text 'ayush.kumar+qa7@revivertest.com' has been set to element 'Object Repository/LoginPage/android.widget.EditText0 - Enter email'

2019-10-03 15:50:57 - [MESSAGE][WARNING] - Timeout '0' is invalid. Using default page load timeout: '30'

2019-10-03 15:50:58 - [MESSAGE][PASSED] - Text 'ayush.kumar+qa7@revivertest.com' has been set to element 'Object Repository/LoginPage/android.widget.EditText0 - Enter email'

2019-10-03 15:50:58 - [TEST_STEP][PASSED] - setText(findTestObject("LoginPage/android.widget.EditText0 - Enter password"), findTestData(DataFile).getValue(2, 1), 0): Text 'Tester@123' has been set to element 'Object Repository/LoginPage/android.widget.EditText0 - Enter password'

2019-10-03 15:50:58 - [MESSAGE][WARNING] - Timeout '0' is invalid. Using default page load timeout: '30'

2019-10-03 15:51:00 - [MESSAGE][PASSED] - Text 'Tester@123' has been set to element 'Object Repository/LoginPage/android.widget.EditText0 - Enter password'

2019-10-03 15:51:00 - [TEST_STEP][PASSED] - tap(findTestObject("LoginPage/android.widget.Button0 - SIGN IN"), 0): Tapped on element 'Object Repository/LoginPage/android.widget.Button0 - SIGN IN'

2019-10-03 15:51:00 - [MESSAGE][WARNING] - Timeout '0' is invalid. Using default page load timeout: '30'

2019-10-03 15:51:01 - [MESSAGE][PASSED] - Tapped on element 'Object Repository/LoginPage/android.widget.Button0 - SIGN IN'

2019-10-03 15:51:01 - [TEST_STEP][PASSED] - waitForElementPresent(findTestObject("Homepage/Burger Icon"), 10): Element 'Object Repository/Homepage/Burger Icon' is present

2019-10-03 15:51:08 - [MESSAGE][PASSED] - Element 'Object Repository/Homepage/Burger Icon' is present

2019-10-03 15:51:08 - [MESSAGE][PASSED] - Call Test Case 'Test Cases/Loginintoapp' successfully

2019-10-03 15:51:08 - [TEST_STEP][PASSED] - verifyElementExist(findTestObject("Homepage/page title"), 0): Element 'Object Repository/Homepage/page title' is exist

2019-10-03 15:51:08 - [MESSAGE][WARNING] - Timeout '0' is invalid. Using default page load timeout: '30'

2019-10-03 15:51:08 - [MESSAGE][PASSED] - Element 'Object Repository/Homepage/page title' is exist

2019-10-03 15:51:08 - [TEST_STEP][PASSED] - tap(findTestObject("Homepage/Burger Icon"), 0): Tapped on element 'Object Repository/Homepage/Burger Icon'

2019-10-03 15:51:08 - [MESSAGE][WARNING] - Timeout '0' is invalid. Using default page load timeout: '30'

2019-10-03 15:51:10 - [MESSAGE][PASSED] - Tapped on element 'Object Repository/Homepage/Burger Icon'

2019-10-03 15:51:10 - [TEST_STEP][PASSED] - verifyElementAttributeValue(findTestObject("Burger Menu/User ID"), "text", findTestData(DataFile).getValue(1, 1), 0): Object 'Object Repository/Burger Menu/User ID' has attribute 'text' with value 'ayush.kumar+qa7@revivertest.com'

2019-10-03 15:51:10 - [MESSAGE][WARNING] - Timeout '0' is invalid. Using default page load timeout: '30'

2019-10-03 15:51:10 - [MESSAGE][PASSED] - Object 'Object Repository/Burger Menu/User ID' has attribute 'text' with value 'ayush.kumar+qa7@revivertest.com'

2019-10-03 15:51:10 - [TEST_STEP][PASSED] - closeApplication(): Close app successfully

2019-10-03 15:51:14 - [MESSAGE][PASSED] - Close app successfully</system-out>
            <system-err></system-err>
        </testcase>
        <testcase name="Test Cases/Login/P0_Verify User can enter invalid password" classname="Test Cases/Login/P0_Verify User can enter invalid password" status="PASSED">
            <system-out>2019-10-03 15:51:14 - [TEST_CASE][PASSED] - Test Cases/Login/P0_Verify User can enter invalid password: Test Cases/Login/P0_Verify User can enter invalid password

2019-10-03 15:51:14 - [TEST_STEP][PASSED] - startApplication("/Users/ayush/Desktop/APKs/Rplate26sept120.apk", true): Started app at: '/Users/ayush/Desktop/APKs/Rplate26sept120.apk'

2019-10-03 15:51:15 - [MESSAGE][INFO] - Appium server started on port 52,700

2019-10-03 15:51:29 - [MESSAGE][PASSED] - Started app at: '/Users/ayush/Desktop/APKs/Rplate26sept120.apk'

2019-10-03 15:51:29 - [TEST_STEP][PASSED] - com.reviver.utils.CommonUtils.selectEnv_Mobile(selectENV, 5): com.reviver.utils.CommonUtils.selectEnv_Mobile is PASSED

2019-10-03 15:51:30 - [MESSAGE][PASSED] - Element 'Object Repository/StartPage/android.widget.TextView0 - QA' is present

2019-10-03 15:51:30 - [MESSAGE][WARNING] - Timeout '0' is invalid. Using default page load timeout: '30'

2019-10-03 15:51:31 - [MESSAGE][PASSED] - Tapped on element 'Object Repository/StartPage/android.widget.TextView0 - QA'

2019-10-03 15:51:31 - [MESSAGE][PASSED] - com.reviver.utils.CommonUtils.selectEnv_Mobile is PASSED

2019-10-03 15:51:31 - [TEST_STEP][PASSED] - waitForElementPresent(findTestObject("StartPage/android.widget.TextView0 - SIGN IN"), 5): Element 'Object Repository/StartPage/android.widget.TextView0 - SIGN IN' is present

2019-10-03 15:51:33 - [MESSAGE][PASSED] - Element 'Object Repository/StartPage/android.widget.TextView0 - SIGN IN' is present

2019-10-03 15:51:33 - [TEST_STEP][PASSED] - tap(findTestObject("StartPage/android.widget.TextView0 - SIGN IN"), 0): Tapped on element 'Object Repository/StartPage/android.widget.TextView0 - SIGN IN'

2019-10-03 15:51:33 - [MESSAGE][WARNING] - Timeout '0' is invalid. Using default page load timeout: '30'

2019-10-03 15:51:35 - [MESSAGE][PASSED] - Tapped on element 'Object Repository/StartPage/android.widget.TextView0 - SIGN IN'

2019-10-03 15:51:35 - [TEST_STEP][PASSED] - setText(findTestObject("LoginPage/android.widget.EditText0 - Enter email"), findTestData(DataFile).getValue(1, 1), 0): Text 'ayush.kumar+qa7@revivertest.com' has been set to element 'Object Repository/LoginPage/android.widget.EditText0 - Enter email'

2019-10-03 15:51:35 - [MESSAGE][WARNING] - Timeout '0' is invalid. Using default page load timeout: '30'

2019-10-03 15:51:37 - [MESSAGE][PASSED] - Text 'ayush.kumar+qa7@revivertest.com' has been set to element 'Object Repository/LoginPage/android.widget.EditText0 - Enter email'

2019-10-03 15:51:37 - [TEST_STEP][PASSED] - setText(findTestObject("LoginPage/android.widget.EditText0 - Enter password"), "Test12#$", 0): Text 'Test12#$' has been set to element 'Object Repository/LoginPage/android.widget.EditText0 - Enter password'

2019-10-03 15:51:37 - [MESSAGE][WARNING] - Timeout '0' is invalid. Using default page load timeout: '30'

2019-10-03 15:51:38 - [MESSAGE][PASSED] - Text 'Test12#$' has been set to element 'Object Repository/LoginPage/android.widget.EditText0 - Enter password'

2019-10-03 15:51:38 - [TEST_STEP][PASSED] - tap(findTestObject("LoginPage/android.widget.Button0 - SIGN IN"), 0): Tapped on element 'Object Repository/LoginPage/android.widget.Button0 - SIGN IN'

2019-10-03 15:51:38 - [MESSAGE][WARNING] - Timeout '0' is invalid. Using default page load timeout: '30'

2019-10-03 15:51:40 - [MESSAGE][PASSED] - Tapped on element 'Object Repository/LoginPage/android.widget.Button0 - SIGN IN'

2019-10-03 15:51:40 - [TEST_STEP][PASSED] - verifyElementVisible(findTestObject("LoginPage/android.widget.TextView0 - Invalid email or password. Please try again"), 0): Element 'Object Repository/LoginPage/android.widget.TextView0 - Invalid email or password. Please try again' is visible

2019-10-03 15:51:40 - [MESSAGE][WARNING] - Timeout '0' is invalid. Using default page load timeout: '30'

2019-10-03 15:51:43 - [MESSAGE][PASSED] - Element 'Object Repository/LoginPage/android.widget.TextView0 - Invalid email or password. Please try again' is visible

2019-10-03 15:51:43 - [TEST_STEP][PASSED] - verifyElementVisible(findTestObject("LoginPage/android.widget.TextView0 - Invalid email or password. Please try again (1)"), 0): Element 'Object Repository/LoginPage/android.widget.TextView0 - Invalid email or password. Please try again (1)' is visible

2019-10-03 15:51:43 - [MESSAGE][WARNING] - Timeout '0' is invalid. Using default page load timeout: '30'

2019-10-03 15:51:43 - [MESSAGE][PASSED] - Element 'Object Repository/LoginPage/android.widget.TextView0 - Invalid email or password. Please try again (1)' is visible

2019-10-03 15:51:43 - [TEST_STEP][PASSED] - closeApplication(): Close app successfully

2019-10-03 15:51:45 - [MESSAGE][PASSED] - Close app successfully</system-out>
            <system-err></system-err>
        </testcase>
        <testcase name="Test Cases/Login/P0_Verify login with a user having no plates assigned yet" classname="Test Cases/Login/P0_Verify login with a user having no plates assigned yet" status="PASSED">
            <system-out>2019-10-03 15:51:45 - [TEST_CASE][PASSED] - Test Cases/Login/P0_Verify login with a user having no plates assigned yet: Test Cases/Login/P0_Verify login with a user having no plates assigned yet

2019-10-03 15:51:45 - [TEST_STEP][PASSED] - startApplication("/Users/ayush/Desktop/APKs/Rplate26sept120.apk", true): Started app at: '/Users/ayush/Desktop/APKs/Rplate26sept120.apk'

2019-10-03 15:51:47 - [MESSAGE][INFO] - Appium server started on port 52,898

2019-10-03 15:52:01 - [MESSAGE][PASSED] - Started app at: '/Users/ayush/Desktop/APKs/Rplate26sept120.apk'

2019-10-03 15:52:01 - [TEST_STEP][PASSED] - com.reviver.utils.CommonUtils.selectEnv_Mobile(selectENV, 5): com.reviver.utils.CommonUtils.selectEnv_Mobile is PASSED

2019-10-03 15:52:01 - [MESSAGE][PASSED] - Element 'Object Repository/StartPage/android.widget.TextView0 - QA' is present

2019-10-03 15:52:02 - [MESSAGE][WARNING] - Timeout '0' is invalid. Using default page load timeout: '30'

2019-10-03 15:52:02 - [MESSAGE][PASSED] - Tapped on element 'Object Repository/StartPage/android.widget.TextView0 - QA'

2019-10-03 15:52:02 - [MESSAGE][PASSED] - com.reviver.utils.CommonUtils.selectEnv_Mobile is PASSED

2019-10-03 15:52:02 - [TEST_STEP][PASSED] - waitForElementPresent(findTestObject("StartPage/android.widget.TextView0 - SIGN IN"), 5): Element 'Object Repository/StartPage/android.widget.TextView0 - SIGN IN' is present

2019-10-03 15:52:05 - [MESSAGE][PASSED] - Element 'Object Repository/StartPage/android.widget.TextView0 - SIGN IN' is present

2019-10-03 15:52:05 - [TEST_STEP][PASSED] - tap(findTestObject("StartPage/android.widget.TextView0 - SIGN IN"), 0): Tapped on element 'Object Repository/StartPage/android.widget.TextView0 - SIGN IN'

2019-10-03 15:52:05 - [MESSAGE][WARNING] - Timeout '0' is invalid. Using default page load timeout: '30'

2019-10-03 15:52:07 - [MESSAGE][PASSED] - Tapped on element 'Object Repository/StartPage/android.widget.TextView0 - SIGN IN'

2019-10-03 15:52:07 - [TEST_STEP][PASSED] - setText(findTestObject("LoginPage/android.widget.EditText0 - Enter email"), findTestData(DataFile).getValue(1, 2), 0): Text 'ayush.kumar+noplates@revivertest.com' has been set to element 'Object Repository/LoginPage/android.widget.EditText0 - Enter email'

2019-10-03 15:52:07 - [MESSAGE][WARNING] - Timeout '0' is invalid. Using default page load timeout: '30'

2019-10-03 15:52:08 - [MESSAGE][PASSED] - Text 'ayush.kumar+noplates@revivertest.com' has been set to element 'Object Repository/LoginPage/android.widget.EditText0 - Enter email'

2019-10-03 15:52:08 - [TEST_STEP][PASSED] - setText(findTestObject("LoginPage/android.widget.EditText0 - Enter password"), findTestData(DataFile).getValue(2, 2), 0): Text 'Tester@123' has been set to element 'Object Repository/LoginPage/android.widget.EditText0 - Enter password'

2019-10-03 15:52:08 - [MESSAGE][WARNING] - Timeout '0' is invalid. Using default page load timeout: '30'

2019-10-03 15:52:10 - [MESSAGE][PASSED] - Text 'Tester@123' has been set to element 'Object Repository/LoginPage/android.widget.EditText0 - Enter password'

2019-10-03 15:52:10 - [TEST_STEP][PASSED] - tap(findTestObject("LoginPage/android.widget.Button0 - SIGN IN"), 0): Tapped on element 'Object Repository/LoginPage/android.widget.Button0 - SIGN IN'

2019-10-03 15:52:10 - [MESSAGE][WARNING] - Timeout '0' is invalid. Using default page load timeout: '30'

2019-10-03 15:52:12 - [MESSAGE][PASSED] - Tapped on element 'Object Repository/LoginPage/android.widget.Button0 - SIGN IN'

2019-10-03 15:52:12 - [TEST_STEP][PASSED] - waitForElementPresent(findTestObject("Homepage/Burger Icon"), 10): Element 'Object Repository/Homepage/Burger Icon' is present

2019-10-03 15:52:16 - [MESSAGE][PASSED] - Element 'Object Repository/Homepage/Burger Icon' is present

2019-10-03 15:52:16 - [TEST_STEP][PASSED] - verifyElementVisible(findTestObject("Homepage/No plate image"), 0): Element 'Object Repository/Homepage/No plate image' is visible

2019-10-03 15:52:16 - [MESSAGE][WARNING] - Timeout '0' is invalid. Using default page load timeout: '30'

2019-10-03 15:52:17 - [MESSAGE][PASSED] - Element 'Object Repository/Homepage/No plate image' is visible

2019-10-03 15:52:17 - [TEST_STEP][PASSED] - verifyElementAttributeValue(findTestObject("Homepage/no plate text 3"), "text", "Note: This may take 1–3 business days from when your order is processed.", 0): Object 'Object Repository/Homepage/no plate text 3' has attribute 'text' with value 'Note: This may take 1–3 business days from when your order is processed.'

2019-10-03 15:52:17 - [MESSAGE][WARNING] - Timeout '0' is invalid. Using default page load timeout: '30'

2019-10-03 15:52:17 - [MESSAGE][PASSED] - Object 'Object Repository/Homepage/no plate text 3' has attribute 'text' with value 'Note: This may take 1–3 business days from when your order is processed.'

2019-10-03 15:52:17 - [TEST_STEP][PASSED] - verifyElementAttributeValue(findTestObject("Homepage/no plate text1"), "text", "It looks like your plates haven’t been added to your account.", 0): Object 'Object Repository/Homepage/no plate text1' has attribute 'text' with value 'It looks like your plates haven’t been added to your account.'

2019-10-03 15:52:17 - [MESSAGE][WARNING] - Timeout '0' is invalid. Using default page load timeout: '30'

2019-10-03 15:52:17 - [MESSAGE][PASSED] - Object 'Object Repository/Homepage/no plate text1' has attribute 'text' with value 'It looks like your plates haven’t been added to your account.'

2019-10-03 15:52:17 - [TEST_STEP][PASSED] - verifyElementAttributeValue(findTestObject("Homepage/no plate text2"), "text", "You will be notified when your plate has been added to your account.", 0): Object 'Object Repository/Homepage/no plate text2' has attribute 'text' with value 'You will be notified when your plate has been added to your account.'

2019-10-03 15:52:17 - [MESSAGE][WARNING] - Timeout '0' is invalid. Using default page load timeout: '30'

2019-10-03 15:52:17 - [MESSAGE][PASSED] - Object 'Object Repository/Homepage/no plate text2' has attribute 'text' with value 'You will be notified when your plate has been added to your account.'

2019-10-03 15:52:17 - [TEST_STEP][PASSED] - verifyElementVisible(findTestObject("Homepage/No Plates Found text"), 0): Element 'Object Repository/Homepage/No Plates Found text' is visible

2019-10-03 15:52:17 - [MESSAGE][WARNING] - Timeout '0' is invalid. Using default page load timeout: '30'

2019-10-03 15:52:17 - [MESSAGE][PASSED] - Element 'Object Repository/Homepage/No Plates Found text' is visible

2019-10-03 15:52:17 - [TEST_STEP][PASSED] - tap(findTestObject("Homepage/Burger Icon"), 0): Tapped on element 'Object Repository/Homepage/Burger Icon'

2019-10-03 15:52:17 - [MESSAGE][WARNING] - Timeout '0' is invalid. Using default page load timeout: '30'

2019-10-03 15:52:19 - [MESSAGE][PASSED] - Tapped on element 'Object Repository/Homepage/Burger Icon'

2019-10-03 15:52:19 - [TEST_STEP][PASSED] - verifyElementAttributeValue(findTestObject("Burger Menu/Notifications"), "checkable", "true", 0): Object 'Object Repository/Burger Menu/Notifications' has attribute 'checkable' with value 'true'

2019-10-03 15:52:19 - [MESSAGE][WARNING] - Timeout '0' is invalid. Using default page load timeout: '30'

2019-10-03 15:52:19 - [MESSAGE][PASSED] - Object 'Object Repository/Burger Menu/Notifications' has attribute 'checkable' with value 'true'

2019-10-03 15:52:19 - [TEST_STEP][PASSED] - closeApplication(): Close app successfully

2019-10-03 15:52:20 - [MESSAGE][PASSED] - Close app successfully</system-out>
            <system-err></system-err>
        </testcase>
        <system-out>2019-10-03 15:50:32 - [TEST_SUITE][INCOMPLETE] - Sanity Android APP: null</system-out>
        <system-err>2019-10-03 15:50:32 - [TEST_SUITE][INCOMPLETE] - Sanity Android APP: null</system-err>
    </testsuite>
</testsuites>
